<?xml version="1.0" encoding="UTF-8" ?>
<testsuite failures="0" time="0.02" errors="0" skipped="0" tests="1" name="org.greatmancode.craftconomy.AppTest">
  <properties>
    <property name="java.runtime.name" value="Java(TM) SE Runtime Environment"/>
    <property name="sun.boot.library.path" value="/opt/java/jre/lib/amd64"/>
    <property name="java.vm.version" value="23.0-b21"/>
    <property name="java.vm.vendor" value="Oracle Corporation"/>
    <property name="java.vendor.url" value="http://java.oracle.com/"/>
    <property name="path.separator" value=":"/>
    <property name="java.vm.name" value="Java HotSpot(TM) 64-Bit Server VM"/>
    <property name="file.encoding.pkg" value="sun.io"/>
    <property name="user.country" value="US"/>
    <property name="sun.java.launcher" value="SUN_STANDARD"/>
    <property name="sun.os.patch.level" value="unknown"/>
    <property name="java.vm.specification.name" value="Java Virtual Machine Specification"/>
    <property name="user.dir" value="/home/greatman/workspace/craftconomy"/>
    <property name="java.runtime.version" value="1.7.0_04-b20"/>
    <property name="java.awt.graphicsenv" value="sun.awt.X11GraphicsEnvironment"/>
    <property name="basedir" value="/home/greatman/workspace/craftconomy"/>
    <property name="java.endorsed.dirs" value="/opt/java/jre/lib/endorsed"/>
    <property name="os.arch" value="amd64"/>
    <property name="surefire.real.class.path" value="/home/greatman/workspace/craftconomy/target/surefire/surefirebooter4747638261506098497.jar"/>
    <property name="java.io.tmpdir" value="/tmp"/>
    <property name="line.separator" value="
"/>
    <property name="java.vm.specification.vendor" value="Oracle Corporation"/>
    <property name="os.name" value="Linux"/>
    <property name="sun.jnu.encoding" value="ANSI_X3.4-1968"/>
    <property name="java.library.path" value="/usr/java/packages/lib/amd64:/usr/lib64:/lib64:/lib:/usr/lib"/>
    <property name="surefire.test.class.path" value="/home/greatman/workspace/craftconomy/target/test-classes:/home/greatman/workspace/craftconomy/target/classes:/home/greatman/.m2/repository/junit/junit/3.8.1/junit-3.8.1.jar:/home/greatman/.m2/repository/org/spout/spoutapi/dev-SNAPSHOT/spoutapi-dev-SNAPSHOT.jar:"/>
    <property name="java.specification.name" value="Java Platform API Specification"/>
    <property name="java.class.version" value="51.0"/>
    <property name="sun.management.compiler" value="HotSpot 64-Bit Tiered Compilers"/>
    <property name="os.version" value="3.3.4-1-ARCH"/>
    <property name="user.home" value="/home/greatman"/>
    <property name="user.timezone" value=""/>
    <property name="java.awt.printerjob" value="sun.print.PSPrinterJob"/>
    <property name="file.encoding" value="ANSI_X3.4-1968"/>
    <property name="java.specification.version" value="1.7"/>
    <property name="user.name" value="greatman"/>
    <property name="java.class.path" value="/home/greatman/workspace/craftconomy/target/test-classes:/home/greatman/workspace/craftconomy/target/classes:/home/greatman/.m2/repository/junit/junit/3.8.1/junit-3.8.1.jar:/home/greatman/.m2/repository/org/spout/spoutapi/dev-SNAPSHOT/spoutapi-dev-SNAPSHOT.jar:"/>
    <property name="java.vm.specification.version" value="1.7"/>
    <property name="sun.arch.data.model" value="64"/>
    <property name="java.home" value="/opt/java/jre"/>
    <property name="sun.java.command" value="/home/greatman/workspace/craftconomy/target/surefire/surefirebooter4747638261506098497.jar /home/greatman/workspace/craftconomy/target/surefire/surefire116181420521401891tmp /home/greatman/workspace/craftconomy/target/surefire/surefire1293543392082777869tmp"/>
    <property name="java.specification.vendor" value="Oracle Corporation"/>
    <property name="user.language" value="en"/>
    <property name="awt.toolkit" value="sun.awt.X11.XToolkit"/>
    <property name="java.vm.info" value="mixed mode"/>
    <property name="java.version" value="1.7.0_04"/>
    <property name="java.ext.dirs" value="/opt/java/jre/lib/ext:/usr/java/packages/lib/ext"/>
    <property name="sun.boot.class.path" value="/opt/java/jre/lib/resources.jar:/opt/java/jre/lib/rt.jar:/opt/java/jre/lib/sunrsasign.jar:/opt/java/jre/lib/jsse.jar:/opt/java/jre/lib/jce.jar:/opt/java/jre/lib/charsets.jar:/opt/java/jre/lib/jfr.jar:/opt/java/jre/classes"/>
    <property name="java.vendor" value="Oracle Corporation"/>
    <property name="localRepository" value="/home/greatman/.m2/repository"/>
    <property name="file.separator" value="/"/>
    <property name="java.vendor.url.bug" value="http://bugreport.sun.com/bugreport/"/>
    <property name="sun.cpu.endian" value="little"/>
    <property name="sun.io.unicode.encoding" value="UnicodeLittle"/>
    <property name="sun.desktop" value="gnome"/>
    <property name="sun.cpu.isalist" value=""/>
  </properties>
  <testcase time="0.002" classname="org.greatmancode.craftconomy.AppTest" name="testApp"/>
</testsuite>